c:\users\dhqks\desktop\3dpersonal_client\client\default\x64\debug\vc143.pdb
c:\users\dhqks\desktop\3dpersonal_client\client\default\x64\debug\vc143.idb
c:\users\dhqks\desktop\3dpersonal_client\client\default\x64\debug\map.obj
c:\users\dhqks\desktop\3dpersonal_client\client\default\x64\debug\mainapp.obj
c:\users\dhqks\desktop\3dpersonal_client\client\default\x64\debug\loader.obj
c:\users\dhqks\desktop\3dpersonal_client\client\default\x64\debug\level_logo.obj
c:\users\dhqks\desktop\3dpersonal_client\client\default\x64\debug\level_loading.obj
c:\users\dhqks\desktop\3dpersonal_client\client\default\x64\debug\level_gameplay.obj
c:\users\dhqks\desktop\3dpersonal_client\client\default\x64\debug\landobject.obj
c:\users\dhqks\desktop\3dpersonal_client\client\default\x64\debug\item.obj
c:\users\dhqks\desktop\3dpersonal_client\client\default\x64\debug\flamebomb.obj
c:\users\dhqks\desktop\3dpersonal_client\client\default\x64\debug\deco.obj
c:\users\dhqks\desktop\3dpersonal_client\client\default\x64\debug\camera_free.obj
c:\users\dhqks\desktop\3dpersonal_client\client\default\x64\debug\body_player.obj
c:\users\dhqks\desktop\3dpersonal_client\client\default\x64\debug\body_monster_samurai.obj
c:\users\dhqks\desktop\3dpersonal_client\client\default\x64\debug\body_monster_leafninja.obj
c:\users\dhqks\desktop\3dpersonal_client\client\default\x64\debug\background.obj
c:\users\dhqks\desktop\3dpersonal_client\client\default\x64\debug\binary_to_compressed_c.obj
c:\users\dhqks\desktop\3dpersonal_client\client\default\x64\debug\client.obj
c:\users\dhqks\desktop\3dpersonal_client\client\default\x64\debug\stdafx.obj
c:\users\dhqks\desktop\3dpersonal_client\client\default\x64\debug\wood_dragon.obj
c:\users\dhqks\desktop\3dpersonal_client\client\default\x64\debug\weapon.obj
c:\users\dhqks\desktop\3dpersonal_client\client\default\x64\debug\terrain.obj
c:\users\dhqks\desktop\3dpersonal_client\client\default\x64\debug\skill.obj
c:\users\dhqks\desktop\3dpersonal_client\client\default\x64\debug\rasenshuriken.obj
c:\users\dhqks\desktop\3dpersonal_client\client\default\x64\debug\rasengun_super.obj
c:\users\dhqks\desktop\3dpersonal_client\client\default\x64\debug\rasengun.obj
c:\users\dhqks\desktop\3dpersonal_client\client\default\x64\debug\player.obj
c:\users\dhqks\desktop\3dpersonal_client\client\default\x64\debug\partobject.obj
c:\users\dhqks\desktop\3dpersonal_client\client\default\x64\debug\particle_rect.obj
c:\users\dhqks\desktop\3dpersonal_client\client\default\x64\debug\monster_samurai.obj
c:\users\dhqks\desktop\3dpersonal_client\client\default\x64\debug\monster_leafninja.obj
c:\users\dhqks\desktop\3dpersonal_client\client\default\x64\private\partobject.obj
c:\users\dhqks\desktop\3dpersonal_client\client\default\x64\private\particle_rect.obj
c:\users\dhqks\desktop\3dpersonal_client\client\default\x64\private\monster_samurai.obj
c:\users\dhqks\desktop\3dpersonal_client\client\default\x64\private\monster_leafninja.obj
c:\users\dhqks\desktop\3dpersonal_client\client\default\x64\private\map.obj
c:\users\dhqks\desktop\3dpersonal_client\client\default\x64\private\mainapp.obj
c:\users\dhqks\desktop\3dpersonal_client\client\default\x64\private\loader.obj
c:\users\dhqks\desktop\3dpersonal_client\client\default\x64\private\level_logo.obj
c:\users\dhqks\desktop\3dpersonal_client\client\default\x64\private\level_loading.obj
c:\users\dhqks\desktop\3dpersonal_client\client\default\x64\private\level_gameplay.obj
c:\users\dhqks\desktop\3dpersonal_client\client\default\x64\private\landobject.obj
c:\users\dhqks\desktop\3dpersonal_client\client\default\x64\private\item.obj
c:\users\dhqks\desktop\3dpersonal_client\client\default\x64\private\flamebomb.obj
c:\users\dhqks\desktop\3dpersonal_client\client\default\x64\private\deco.obj
c:\users\dhqks\desktop\3dpersonal_client\client\default\x64\private\camera_free.obj
c:\users\dhqks\desktop\3dpersonal_client\client\default\x64\private\body_monster_samurai.obj
c:\users\dhqks\desktop\3dpersonal_client\client\default\x64\private\body_monster_leafninja.obj
c:\users\dhqks\desktop\3dpersonal_client\client\default\x64\private\background.obj
c:\users\dhqks\desktop\3dpersonal_client\client\default\x64\private\wood_dragon.obj
c:\users\dhqks\desktop\3dpersonal_client\client\default\x64\private\weapon.obj
c:\users\dhqks\desktop\3dpersonal_client\client\default\x64\private\terrain.obj
c:\users\dhqks\desktop\3dpersonal_client\client\default\x64\private\skill.obj
c:\users\dhqks\desktop\3dpersonal_client\client\default\x64\private\rasenshuriken.obj
c:\users\dhqks\desktop\3dpersonal_client\client\default\x64\private\rasengun_super.obj
c:\users\dhqks\desktop\3dpersonal_client\client\default\x64\private\rasengun.obj
c:\users\dhqks\desktop\3dpersonal_client\client\default\x64\private\wood_swap.obj
c:\users\dhqks\desktop\3dpersonal_client\client\default\x64\private\player_naruto.obj
c:\users\dhqks\desktop\3dpersonal_client\client\default\x64\private\body_player_naruto.obj
c:\users\dhqks\desktop\3dpersonal_client\client\default\x64\private\player.obj
c:\users\dhqks\desktop\3dpersonal_client\client\default\x64\private\body_player_custom_headgear.obj
c:\users\dhqks\desktop\3dpersonal_client\client\default\x64\private\player_custom.obj
c:\users\dhqks\desktop\3dpersonal_client\client\default\x64\private\body_player_custom_upper.obj
c:\users\dhqks\desktop\3dpersonal_client\client\default\x64\private\body_player_custom_face.obj
c:\users\dhqks\desktop\3dpersonal_client\client\default\x64\private\body_player_custom_lower.obj
c:\users\dhqks\desktop\3dpersonal_client\client\default\x64\private\level_customroom.obj
c:\users\dhqks\desktop\3dpersonal_client\client\default\x64\private\kamui.obj
c:\users\dhqks\desktop\3dpersonal_client\client\default\x64\private\chidori.obj
c:\users\dhqks\desktop\3dpersonal_client\client\default\x64\private\wood_hand.obj
c:\users\dhqks\desktop\3dpersonal_client\client\bin\shader_vtxanimmesh.cso
c:\users\dhqks\desktop\3dpersonal_client\client\bin\shader_vtxnortex.cso
c:\users\dhqks\desktop\3dpersonal_client\client\bin\shader_vtxrectinstance.cso
c:\users\dhqks\desktop\3dpersonal_client\client\bin\shader_vtxmesh.cso
c:\users\dhqks\desktop\3dpersonal_client\client\bin\shader_vtxpostex.cso
c:\users\dhqks\desktop\3dpersonal_client\client\bin\client.exe
c:\users\dhqks\desktop\3dpersonal_client\client\default\x64\debug\client.ilk
c:\users\dhqks\desktop\3dpersonal_client\client\bin\client.pdb
c:\users\dhqks\desktop\3dpersonal_client\client\default\x64\debug\client.res
c:\users\dhqks\desktop\3dpersonal_client\client\default\x64\debug\client.tlog\cl.command.1.tlog
c:\users\dhqks\desktop\3dpersonal_client\client\default\x64\debug\client.tlog\cl.items.tlog
c:\users\dhqks\desktop\3dpersonal_client\client\default\x64\debug\client.tlog\cl.read.1.tlog
c:\users\dhqks\desktop\3dpersonal_client\client\default\x64\debug\client.tlog\cl.write.1.tlog
c:\users\dhqks\desktop\3dpersonal_client\client\default\x64\debug\client.tlog\fxc.command.1.tlog
c:\users\dhqks\desktop\3dpersonal_client\client\default\x64\debug\client.tlog\fxc.read.1.tlog
c:\users\dhqks\desktop\3dpersonal_client\client\default\x64\debug\client.tlog\fxc.write.1.tlog
c:\users\dhqks\desktop\3dpersonal_client\client\default\x64\debug\client.tlog\link.command.1.tlog
c:\users\dhqks\desktop\3dpersonal_client\client\default\x64\debug\client.tlog\link.read.1.tlog
c:\users\dhqks\desktop\3dpersonal_client\client\default\x64\debug\client.tlog\link.write.1.tlog
c:\users\dhqks\desktop\3dpersonal_client\client\default\x64\debug\client.tlog\rc.command.1.tlog
c:\users\dhqks\desktop\3dpersonal_client\client\default\x64\debug\client.tlog\rc.read.1.tlog
c:\users\dhqks\desktop\3dpersonal_client\client\default\x64\debug\client.tlog\rc.write.1.tlog
