c:\users\dhqks\desktop\3d_personal_client\3d_personal_client\engine\default\x64\debug\vc143.pdb
c:\users\dhqks\desktop\3d_personal_client\3d_personal_client\engine\default\x64\debug\vc143.idb
c:\users\dhqks\desktop\3d_personal_client\3d_personal_client\engine\default\x64\debug\gameinstance.obj
c:\users\dhqks\desktop\3d_personal_client\3d_personal_client\engine\default\x64\debug\font_manager.obj
c:\users\dhqks\desktop\3d_personal_client\3d_personal_client\engine\default\x64\debug\debugdraw.obj
c:\users\dhqks\desktop\3d_personal_client\3d_personal_client\engine\default\x64\debug\customfont.obj
c:\users\dhqks\desktop\3d_personal_client\3d_personal_client\engine\default\x64\debug\component_manager.obj
c:\users\dhqks\desktop\3d_personal_client\3d_personal_client\engine\default\x64\debug\component.obj
c:\users\dhqks\desktop\3d_personal_client\3d_personal_client\engine\default\x64\debug\collider_manager.obj
c:\users\dhqks\desktop\3d_personal_client\3d_personal_client\engine\default\x64\debug\collider_layer.obj
c:\users\dhqks\desktop\3d_personal_client\3d_personal_client\engine\default\x64\debug\collider.obj
c:\users\dhqks\desktop\3d_personal_client\3d_personal_client\engine\default\x64\debug\channel.obj
c:\users\dhqks\desktop\3d_personal_client\3d_personal_client\engine\default\x64\debug\cell.obj
c:\users\dhqks\desktop\3d_personal_client\3d_personal_client\engine\default\x64\debug\camera.obj
c:\users\dhqks\desktop\3d_personal_client\3d_personal_client\engine\default\x64\debug\calculator.obj
c:\users\dhqks\desktop\3d_personal_client\3d_personal_client\engine\default\x64\debug\bounding_sphere.obj
c:\users\dhqks\desktop\3d_personal_client\3d_personal_client\engine\default\x64\debug\bounding_obb.obj
c:\users\dhqks\desktop\3d_personal_client\3d_personal_client\engine\default\x64\debug\bounding_aabb.obj
c:\users\dhqks\desktop\3d_personal_client\3d_personal_client\engine\default\x64\debug\bounding.obj
c:\users\dhqks\desktop\3d_personal_client\3d_personal_client\engine\default\x64\debug\bone.obj
c:\users\dhqks\desktop\3d_personal_client\3d_personal_client\engine\default\x64\debug\base.obj
c:\users\dhqks\desktop\3d_personal_client\3d_personal_client\engine\default\x64\debug\animation.obj
c:\users\dhqks\desktop\3d_personal_client\3d_personal_client\engine\bin\shader_cell.cso
c:\users\dhqks\desktop\3d_personal_client\3d_personal_client\engine\bin\shader_deferred.cso
c:\users\dhqks\desktop\3d_personal_client\3d_personal_client\engine\default\x64\debug\engine.tlog\cl.command.1.tlog
c:\users\dhqks\desktop\3d_personal_client\3d_personal_client\engine\default\x64\debug\engine.tlog\cl.read.1.tlog
c:\users\dhqks\desktop\3d_personal_client\3d_personal_client\engine\default\x64\debug\engine.tlog\cl.write.1.tlog
c:\users\dhqks\desktop\3d_personal_client\3d_personal_client\engine\default\x64\debug\engine.tlog\fxc.command.1.tlog
c:\users\dhqks\desktop\3d_personal_client\3d_personal_client\engine\default\x64\debug\engine.tlog\fxc.read.1.tlog
c:\users\dhqks\desktop\3d_personal_client\3d_personal_client\engine\default\x64\debug\engine.tlog\fxc.write.1.tlog
