  Animation.cpp
  Base.cpp
  Bone.cpp
  Bounding.cpp
  Bounding_AABB.cpp
  Bounding_OBB.cpp
  Bounding_Sphere.cpp
  Calculator.cpp
  Camera.cpp
  Cell.cpp
  Channel.cpp
  Collider.cpp
  Collider_Layer.cpp
  Collider_Manager.cpp
  Component.cpp
  Component_Manager.cpp
  CustomFont.cpp
  DebugDraw.cpp
  Font_Manager.cpp
  GameInstance.cpp
  코드를 생성하고 있습니다...
  컴파일하고 있습니다...
  GameObject.cpp
  Graphic_Device.cpp
  Input_Device.cpp
  Key_Manager.cpp
  Layer.cpp
  Level.cpp
  Level_Manager.cpp
  Light.cpp
  Light_Manager.cpp
  Mesh.cpp
  Model.cpp
  Navigation.cpp
  Object_Manager.cpp
  PipeLine.cpp
  Renderer.cpp
  RenderTarget.cpp
  Shader.cpp
  Target_Manager.cpp
  Texture.cpp
  Timer.cpp
  코드를 생성하고 있습니다...
  컴파일하고 있습니다...
  Timer_Manager.cpp
  Transform.cpp
  VIBuffer.cpp
  VIBuffer_Cell.cpp
  VIBuffer_Instancing.cpp
  VIBuffer_Particle_Point.cpp
  VIBuffer_Particle_Rect.cpp
  VIBuffer_Point.cpp
  VIBuffer_Rect.cpp
  VIBuffer_Terrain.cpp
  Engine_Struct.cpp
  코드를 생성하고 있습니다...
Effects11d.lib(EffectAPI.obj) : warning LNK4099: '' PDB를 'Effects11d.lib(EffectAPI.obj)' 또는 ''에서 찾을 수 없습니다. 디버그 정보가 없는 것처럼 개체를 링크합니다.
Effects11d.lib(d3dxGlobal.obj) : warning LNK4099: '' PDB를 'Effects11d.lib(d3dxGlobal.obj)' 또는 ''에서 찾을 수 없습니다. 디버그 정보가 없는 것처럼 개체를 링크합니다.
Effects11d.lib(EffectNonRuntime.obj) : warning LNK4099: '' PDB를 'Effects11d.lib(EffectNonRuntime.obj)' 또는 ''에서 찾을 수 없습니다. 디버그 정보가 없는 것처럼 개체를 링크합니다.
Effects11d.lib(EffectLoad.obj) : warning LNK4099: '' PDB를 'Effects11d.lib(EffectLoad.obj)' 또는 ''에서 찾을 수 없습니다. 디버그 정보가 없는 것처럼 개체를 링크합니다.
Effects11d.lib(EffectReflection.obj) : warning LNK4099: '' PDB를 'Effects11d.lib(EffectReflection.obj)' 또는 ''에서 찾을 수 없습니다. 디버그 정보가 없는 것처럼 개체를 링크합니다.
Effects11d.lib(EffectRuntime.obj) : warning LNK4099: '' PDB를 'Effects11d.lib(EffectRuntime.obj)' 또는 ''에서 찾을 수 없습니다. 디버그 정보가 없는 것처럼 개체를 링크합니다.
DirectXTKd.lib(PrimitiveBatch.obj) : warning LNK4099: '' PDB를 'DirectXTKd.lib(PrimitiveBatch.obj)' 또는 ''에서 찾을 수 없습니다. 디버그 정보가 없는 것처럼 개체를 링크합니다.
DirectXTKd.lib(BasicEffect.obj) : warning LNK4099: '' PDB를 'DirectXTKd.lib(BasicEffect.obj)' 또는 ''에서 찾을 수 없습니다. 디버그 정보가 없는 것처럼 개체를 링크합니다.
DirectXTKd.lib(VertexTypes.obj) : warning LNK4099: '' PDB를 'DirectXTKd.lib(VertexTypes.obj)' 또는 ''에서 찾을 수 없습니다. 디버그 정보가 없는 것처럼 개체를 링크합니다.
DirectXTKd.lib(SpriteBatch.obj) : warning LNK4099: '' PDB를 'DirectXTKd.lib(SpriteBatch.obj)' 또는 ''에서 찾을 수 없습니다. 디버그 정보가 없는 것처럼 개체를 링크합니다.
DirectXTKd.lib(SpriteFont.obj) : warning LNK4099: '' PDB를 'DirectXTKd.lib(SpriteFont.obj)' 또는 ''에서 찾을 수 없습니다. 디버그 정보가 없는 것처럼 개체를 링크합니다.
DirectXTKd.lib(DDSTextureLoader.obj) : warning LNK4099: '' PDB를 'DirectXTKd.lib(DDSTextureLoader.obj)' 또는 ''에서 찾을 수 없습니다. 디버그 정보가 없는 것처럼 개체를 링크합니다.
DirectXTKd.lib(WICTextureLoader.obj) : warning LNK4099: '' PDB를 'DirectXTKd.lib(WICTextureLoader.obj)' 또는 ''에서 찾을 수 없습니다. 디버그 정보가 없는 것처럼 개체를 링크합니다.
DirectXTKd.lib(pch.obj) : warning LNK4099: '' PDB를 'DirectXTKd.lib(pch.obj)' 또는 ''에서 찾을 수 없습니다. 디버그 정보가 없는 것처럼 개체를 링크합니다.
DirectXTKd.lib(EffectCommon.obj) : warning LNK4099: '' PDB를 'DirectXTKd.lib(EffectCommon.obj)' 또는 ''에서 찾을 수 없습니다. 디버그 정보가 없는 것처럼 개체를 링크합니다.
DirectXTKd.lib(BufferHelpers.obj) : warning LNK4099: '' PDB를 'DirectXTKd.lib(BufferHelpers.obj)' 또는 ''에서 찾을 수 없습니다. 디버그 정보가 없는 것처럼 개체를 링크합니다.
DirectXTKd.lib(CommonStates.obj) : warning LNK4099: '' PDB를 'DirectXTKd.lib(CommonStates.obj)' 또는 ''에서 찾을 수 없습니다. 디버그 정보가 없는 것처럼 개체를 링크합니다.
DirectXTKd.lib(BinaryReader.obj) : warning LNK4099: '' PDB를 'DirectXTKd.lib(BinaryReader.obj)' 또는 ''에서 찾을 수 없습니다. 디버그 정보가 없는 것처럼 개체를 링크합니다.
     ../Bin/Engine.lib 라이브러리 및 ../Bin/Engine.exp 개체를 생성하고 있습니다.
  Engine.vcxproj -> C:\Users\dhqks\Desktop\3D_Personal_Client\3D_Personal_Client\Engine\Bin\Engine.dll
